<?xml version="1.0" encoding="UTF-8"?>
<!-- Generated by org.testng.reporters.JUnitReportReporter -->
<testsuite hostname="LAP-R9LDYD3" name="com.ankur.work.eBos" tests="1" failures="0" timestamp="17 Feb 2016 18:43:14 GMT" time="20.531" errors="0">
  <testcase name="testapp" time="20.531" classname="com.ankur.work.eBos"/>
</testsuite> <!-- com.ankur.work.eBos -->
