<?xml version="1.0" encoding="UTF-8"?>
<!-- Generated by org.testng.reporters.JUnitReportReporter -->
<testsuite hostname="LAP-R9LDYD3" name="com.ankur.work.eBosTest" tests="1" failures="0" timestamp="19 Feb 2016 16:54:10 GMT" time="86.091" errors="0">
  <testcase name="testapp" time="86.091" classname="com.ankur.work.eBosTest"/>
</testsuite> <!-- com.ankur.work.eBosTest -->
